<?xml version="1.0" encoding="UTF-8"?>
<coverage generated="1696769751209" clover="3.2.0">
  <project timestamp="1696769751209" name="All files">
    <metrics statements="74" coveredstatements="55" conditionals="37" coveredconditionals="22" methods="18" coveredmethods="14" elements="129" coveredelements="91" complexity="0" loc="74" ncloc="74" packages="2" files="6" classes="6"/>
    <package name="src">
      <metrics statements="29" coveredstatements="28" conditionals="13" coveredconditionals="12" methods="7" coveredmethods="7"/>
      <file name="getTree.js" path="C:\Users\Xav\Desktop\hexlet\frontend-project-46\src\getTree.js">
        <metrics statements="12" coveredstatements="12" conditionals="10" coveredconditionals="10" methods="2" coveredmethods="2"/>
        <line num="3" count="1" type="stmt"/>
        <line num="4" count="5" type="stmt"/>
        <line num="6" count="5" type="stmt"/>
        <line num="7" count="18" type="cond" truecount="2" falsecount="0"/>
        <line num="8" count="2" type="stmt"/>
        <line num="14" count="16" type="cond" truecount="2" falsecount="0"/>
        <line num="15" count="5" type="stmt"/>
        <line num="21" count="11" type="cond" truecount="4" falsecount="0"/>
        <line num="22" count="4" type="stmt"/>
        <line num="28" count="7" type="cond" truecount="2" falsecount="0"/>
        <line num="29" count="4" type="stmt"/>
        <line num="36" count="3" type="stmt"/>
      </file>
      <file name="index.js" path="C:\Users\Xav\Desktop\hexlet\frontend-project-46\src\index.js">
        <metrics statements="12" coveredstatements="12" conditionals="1" coveredconditionals="1" methods="4" coveredmethods="4"/>
        <line num="8" count="2" type="stmt"/>
        <line num="10" count="2" type="stmt"/>
        <line num="11" count="2" type="stmt"/>
        <line num="13" count="1" type="cond" truecount="1" falsecount="0"/>
        <line num="14" count="1" type="stmt"/>
        <line num="15" count="1" type="stmt"/>
        <line num="17" count="1" type="stmt"/>
        <line num="18" count="1" type="stmt"/>
        <line num="20" count="1" type="stmt"/>
        <line num="21" count="1" type="stmt"/>
        <line num="23" count="1" type="stmt"/>
        <line num="28" count="1" type="stmt"/>
      </file>
      <file name="parsers.js" path="C:\Users\Xav\Desktop\hexlet\frontend-project-46\src\parsers.js">
        <metrics statements="5" coveredstatements="4" conditionals="2" coveredconditionals="1" methods="1" coveredmethods="1"/>
        <line num="4" count="2" type="stmt"/>
        <line num="9" count="2" type="stmt"/>
        <line num="10" count="2" type="cond" truecount="1" falsecount="1"/>
        <line num="11" count="0" type="stmt"/>
        <line num="13" count="2" type="stmt"/>
      </file>
    </package>
    <package name="src.formatters">
      <metrics statements="45" coveredstatements="27" conditionals="24" coveredconditionals="10" methods="11" coveredmethods="7"/>
      <file name="index.js" path="C:\Users\Xav\Desktop\hexlet\frontend-project-46\src\formatters\index.js">
        <metrics statements="6" coveredstatements="5" conditionals="2" coveredconditionals="1" methods="1" coveredmethods="1"/>
        <line num="4" count="1" type="stmt"/>
        <line num="5" count="1" type="stmt"/>
        <line num="10" count="1" type="stmt"/>
        <line num="11" count="1" type="cond" truecount="1" falsecount="1"/>
        <line num="12" count="0" type="stmt"/>
        <line num="14" count="1" type="stmt"/>
      </file>
      <file name="plain.js" path="C:\Users\Xav\Desktop\hexlet\frontend-project-46\src\formatters\plain.js">
        <metrics statements="19" coveredstatements="3" conditionals="12" coveredconditionals="0" methods="4" coveredmethods="0"/>
        <line num="3" count="1" type="stmt"/>
        <line num="4" count="0" type="cond" truecount="0" falsecount="2"/>
        <line num="5" count="0" type="stmt"/>
        <line num="7" count="0" type="cond" truecount="0" falsecount="2"/>
        <line num="8" count="0" type="stmt"/>
        <line num="10" count="0" type="cond" truecount="0" falsecount="2"/>
        <line num="11" count="0" type="stmt"/>
        <line num="13" count="0" type="stmt"/>
        <line num="16" count="1" type="stmt"/>
        <line num="17" count="0" type="stmt"/>
        <line num="18" count="0" type="cond" truecount="0" falsecount="6"/>
        <line num="20" count="0" type="stmt"/>
        <line num="22" count="0" type="stmt"/>
        <line num="24" count="0" type="stmt"/>
        <line num="26" count="0" type="stmt"/>
        <line num="28" count="0" type="stmt"/>
        <line num="30" count="0" type="stmt"/>
        <line num="33" count="0" type="stmt"/>
        <line num="36" count="1" type="stmt"/>
      </file>
      <file name="stylish.js" path="C:\Users\Xav\Desktop\hexlet\frontend-project-46\src\formatters\stylish.js">
        <metrics statements="20" coveredstatements="19" conditionals="10" coveredconditionals="9" methods="6" coveredmethods="6"/>
        <line num="3" count="42" type="cond" truecount="2" falsecount="0"/>
        <line num="5" count="1" type="stmt"/>
        <line num="6" count="27" type="cond" truecount="2" falsecount="0"/>
        <line num="7" count="20" type="stmt"/>
        <line num="9" count="9" type="stmt"/>
        <line num="10" count="7" type="stmt"/>
        <line num="13" count="5" type="stmt"/>
        <line num="14" count="18" type="cond" truecount="5" falsecount="1"/>
        <line num="16" count="2" type="stmt"/>
        <line num="19" count="5" type="stmt"/>
        <line num="22" count="4" type="stmt"/>
        <line num="23" count="4" type="stmt"/>
        <line num="24" count="4" type="stmt"/>
        <line num="27" count="3" type="stmt"/>
        <line num="30" count="4" type="stmt"/>
        <line num="31" count="4" type="stmt"/>
        <line num="34" count="0" type="stmt"/>
        <line num="38" count="1" type="stmt"/>
        <line num="39" count="1" type="stmt"/>
        <line num="40" count="1" type="stmt"/>
      </file>
    </package>
  </project>
</coverage>
