{"C:\\Users\\Xav\\Desktop\\hexlet\\frontend-project-46\\src\\getTree.js": {"path":"C:\\Users\\Xav\\Desktop\\hexlet\\frontend-project-46\\src\\getTree.js","statementMap":{"0":{"start":{"line":3,"column":16},"end":{"line":42,"column":1}},"1":{"start":{"line":4,"column":15},"end":{"line":4,"column":72}},"2":{"start":{"line":6,"column":2},"end":{"line":41,"column":5}},"3":{"start":{"line":7,"column":4},"end":{"line":13,"column":5}},"4":{"start":{"line":8,"column":6},"end":{"line":12,"column":8}},"5":{"start":{"line":14,"column":4},"end":{"line":20,"column":5}},"6":{"start":{"line":15,"column":6},"end":{"line":19,"column":8}},"7":{"start":{"line":21,"column":4},"end":{"line":27,"column":5}},"8":{"start":{"line":22,"column":6},"end":{"line":26,"column":8}},"9":{"start":{"line":28,"column":4},"end":{"line":35,"column":5}},"10":{"start":{"line":29,"column":6},"end":{"line":34,"column":8}},"11":{"start":{"line":36,"column":4},"end":{"line":40,"column":6}}},"fnMap":{"0":{"name":"(anonymous_0)","decl":{"start":{"line":3,"column":16},"end":{"line":3,"column":17}},"loc":{"start":{"line":3,"column":34},"end":{"line":42,"column":1}},"line":3},"1":{"name":"(anonymous_1)","decl":{"start":{"line":6,"column":18},"end":{"line":6,"column":19}},"loc":{"start":{"line":6,"column":27},"end":{"line":41,"column":3}},"line":6}},"branchMap":{"0":{"loc":{"start":{"line":7,"column":4},"end":{"line":13,"column":5}},"type":"if","locations":[{"start":{"line":7,"column":4},"end":{"line":13,"column":5}},{"start":{},"end":{}}],"line":7},"1":{"loc":{"start":{"line":14,"column":4},"end":{"line":20,"column":5}},"type":"if","locations":[{"start":{"line":14,"column":4},"end":{"line":20,"column":5}},{"start":{},"end":{}}],"line":14},"2":{"loc":{"start":{"line":21,"column":4},"end":{"line":27,"column":5}},"type":"if","locations":[{"start":{"line":21,"column":4},"end":{"line":27,"column":5}},{"start":{},"end":{}}],"line":21},"3":{"loc":{"start":{"line":21,"column":8},"end":{"line":21,"column":66}},"type":"binary-expr","locations":[{"start":{"line":21,"column":8},"end":{"line":21,"column":35}},{"start":{"line":21,"column":39},"end":{"line":21,"column":66}}],"line":21},"4":{"loc":{"start":{"line":28,"column":4},"end":{"line":35,"column":5}},"type":"if","locations":[{"start":{"line":28,"column":4},"end":{"line":35,"column":5}},{"start":{},"end":{}}],"line":28}},"s":{"0":1,"1":5,"2":5,"3":18,"4":2,"5":16,"6":5,"7":11,"8":4,"9":7,"10":4,"11":3},"f":{"0":5,"1":18},"b":{"0":[2,16],"1":[5,11],"2":[4,7],"3":[11,5],"4":[4,3]},"_coverageSchema":"1a1c01bbd47fc00a2c39e90264f33305004495a9","hash":"78dae3099017c1c554692dce522bf4e2f4fb8de9"}
,"C:\\Users\\Xav\\Desktop\\hexlet\\frontend-project-46\\src\\index.js": {"path":"C:\\Users\\Xav\\Desktop\\hexlet\\frontend-project-46\\src\\index.js","statementMap":{"0":{"start":{"line":8,"column":24},"end":{"line":8,"column":62}},"1":{"start":{"line":8,"column":38},"end":{"line":8,"column":62}},"2":{"start":{"line":10,"column":18},"end":{"line":10,"column":62}},"3":{"start":{"line":10,"column":32},"end":{"line":10,"column":62}},"4":{"start":{"line":11,"column":17},"end":{"line":11,"column":65}},"5":{"start":{"line":11,"column":31},"end":{"line":11,"column":65}},"6":{"start":{"line":13,"column":16},"end":{"line":29,"column":1}},"7":{"start":{"line":14,"column":20},"end":{"line":14,"column":46}},"8":{"start":{"line":15,"column":20},"end":{"line":15,"column":46}},"9":{"start":{"line":17,"column":20},"end":{"line":17,"column":39}},"10":{"start":{"line":18,"column":20},"end":{"line":18,"column":39}},"11":{"start":{"line":20,"column":22},"end":{"line":20,"column":42}},"12":{"start":{"line":21,"column":22},"end":{"line":21,"column":42}},"13":{"start":{"line":23,"column":26},"end":{"line":26,"column":3}},"14":{"start":{"line":28,"column":2},"end":{"line":28,"column":48}}},"fnMap":{"0":{"name":"(anonymous_0)","decl":{"start":{"line":8,"column":24},"end":{"line":8,"column":25}},"loc":{"start":{"line":8,"column":38},"end":{"line":8,"column":62}},"line":8},"1":{"name":"(anonymous_1)","decl":{"start":{"line":10,"column":18},"end":{"line":10,"column":19}},"loc":{"start":{"line":10,"column":32},"end":{"line":10,"column":62}},"line":10},"2":{"name":"(anonymous_2)","decl":{"start":{"line":11,"column":17},"end":{"line":11,"column":18}},"loc":{"start":{"line":11,"column":31},"end":{"line":11,"column":65}},"line":11},"3":{"name":"(anonymous_3)","decl":{"start":{"line":13,"column":16},"end":{"line":13,"column":17}},"loc":{"start":{"line":13,"column":66},"end":{"line":29,"column":1}},"line":13}},"branchMap":{"0":{"loc":{"start":{"line":13,"column":39},"end":{"line":13,"column":61}},"type":"default-arg","locations":[{"start":{"line":13,"column":52},"end":{"line":13,"column":61}}],"line":13}},"s":{"0":1,"1":2,"2":1,"3":2,"4":1,"5":2,"6":1,"7":1,"8":1,"9":1,"10":1,"11":1,"12":1,"13":1,"14":1},"f":{"0":2,"1":2,"2":2,"3":1},"b":{"0":[1]},"_coverageSchema":"1a1c01bbd47fc00a2c39e90264f33305004495a9","hash":"9100be9c773b9a822ead2203058acd24f3ef34c5"}
,"C:\\Users\\Xav\\Desktop\\hexlet\\frontend-project-46\\src\\parsers.js": {"path":"C:\\Users\\Xav\\Desktop\\hexlet\\frontend-project-46\\src\\parsers.js","statementMap":{"0":{"start":{"line":4,"column":18},"end":{"line":8,"column":3}},"1":{"start":{"line":9,"column":17},"end":{"line":9,"column":41}},"2":{"start":{"line":10,"column":2},"end":{"line":12,"column":3}},"3":{"start":{"line":11,"column":4},"end":{"line":11,"column":51}},"4":{"start":{"line":13,"column":2},"end":{"line":13,"column":22}}},"fnMap":{"0":{"name":"(anonymous_0)","decl":{"start":{"line":3,"column":15},"end":{"line":3,"column":16}},"loc":{"start":{"line":3,"column":42},"end":{"line":24,"column":1}},"line":3}},"branchMap":{"0":{"loc":{"start":{"line":10,"column":2},"end":{"line":12,"column":3}},"type":"if","locations":[{"start":{"line":10,"column":2},"end":{"line":12,"column":3}},{"start":{},"end":{}}],"line":10}},"s":{"0":2,"1":2,"2":2,"3":0,"4":2},"f":{"0":2},"b":{"0":[0,2]},"_coverageSchema":"1a1c01bbd47fc00a2c39e90264f33305004495a9","hash":"bbcee11e3172416c80f1aa7783f7d9b1da5d2d42"}
,"C:\\Users\\Xav\\Desktop\\hexlet\\frontend-project-46\\src\\formatters\\index.js": {"path":"C:\\Users\\Xav\\Desktop\\hexlet\\frontend-project-46\\src\\formatters\\index.js","statementMap":{"0":{"start":{"line":4,"column":18},"end":{"line":27,"column":1}},"1":{"start":{"line":5,"column":21},"end":{"line":9,"column":3}},"2":{"start":{"line":10,"column":17},"end":{"line":10,"column":39}},"3":{"start":{"line":11,"column":2},"end":{"line":13,"column":3}},"4":{"start":{"line":12,"column":4},"end":{"line":12,"column":104}},"5":{"start":{"line":14,"column":2},"end":{"line":14,"column":22}}},"fnMap":{"0":{"name":"(anonymous_0)","decl":{"start":{"line":4,"column":18},"end":{"line":4,"column":19}},"loc":{"start":{"line":4,"column":40},"end":{"line":27,"column":1}},"line":4}},"branchMap":{"0":{"loc":{"start":{"line":11,"column":2},"end":{"line":13,"column":3}},"type":"if","locations":[{"start":{"line":11,"column":2},"end":{"line":13,"column":3}},{"start":{},"end":{}}],"line":11}},"s":{"0":1,"1":1,"2":1,"3":1,"4":0,"5":1},"f":{"0":1},"b":{"0":[0,1]},"_coverageSchema":"1a1c01bbd47fc00a2c39e90264f33305004495a9","hash":"664b4c999e6eadea7189f8f9bfdffe51f2bbd367"}
,"C:\\Users\\Xav\\Desktop\\hexlet\\frontend-project-46\\src\\formatters\\plain.js": {"path":"C:\\Users\\Xav\\Desktop\\hexlet\\frontend-project-46\\src\\formatters\\plain.js","statementMap":{"0":{"start":{"line":3,"column":18},"end":{"line":14,"column":1}},"1":{"start":{"line":4,"column":2},"end":{"line":6,"column":3}},"2":{"start":{"line":5,"column":4},"end":{"line":5,"column":29}},"3":{"start":{"line":7,"column":2},"end":{"line":9,"column":3}},"4":{"start":{"line":8,"column":4},"end":{"line":8,"column":23}},"5":{"start":{"line":10,"column":2},"end":{"line":12,"column":3}},"6":{"start":{"line":11,"column":4},"end":{"line":11,"column":16}},"7":{"start":{"line":13,"column":2},"end":{"line":13,"column":22}},"8":{"start":{"line":16,"column":13},"end":{"line":34,"column":1}},"9":{"start":{"line":17,"column":16},"end":{"line":32,"column":4}},"10":{"start":{"line":18,"column":4},"end":{"line":31,"column":5}},"11":{"start":{"line":20,"column":8},"end":{"line":20,"column":96}},"12":{"start":{"line":22,"column":8},"end":{"line":22,"column":61}},"13":{"start":{"line":24,"column":8},"end":{"line":24,"column":58}},"14":{"start":{"line":26,"column":8},"end":{"line":26,"column":122}},"15":{"start":{"line":28,"column":8},"end":{"line":28,"column":20}},"16":{"start":{"line":30,"column":8},"end":{"line":30,"column":63}},"17":{"start":{"line":33,"column":2},"end":{"line":33,"column":24}},"18":{"start":{"line":36,"column":20},"end":{"line":36,"column":63}},"19":{"start":{"line":36,"column":30},"end":{"line":36,"column":63}}},"fnMap":{"0":{"name":"(anonymous_0)","decl":{"start":{"line":3,"column":18},"end":{"line":3,"column":19}},"loc":{"start":{"line":3,"column":28},"end":{"line":14,"column":1}},"line":3},"1":{"name":"(anonymous_1)","decl":{"start":{"line":16,"column":13},"end":{"line":16,"column":14}},"loc":{"start":{"line":16,"column":33},"end":{"line":34,"column":1}},"line":16},"2":{"name":"(anonymous_2)","decl":{"start":{"line":17,"column":29},"end":{"line":17,"column":30}},"loc":{"start":{"line":17,"column":39},"end":{"line":32,"column":3}},"line":17},"3":{"name":"(anonymous_3)","decl":{"start":{"line":36,"column":20},"end":{"line":36,"column":21}},"loc":{"start":{"line":36,"column":30},"end":{"line":36,"column":63}},"line":36}},"branchMap":{"0":{"loc":{"start":{"line":4,"column":2},"end":{"line":6,"column":3}},"type":"if","locations":[{"start":{"line":4,"column":2},"end":{"line":6,"column":3}},{"start":{},"end":{}}],"line":4},"1":{"loc":{"start":{"line":7,"column":2},"end":{"line":9,"column":3}},"type":"if","locations":[{"start":{"line":7,"column":2},"end":{"line":9,"column":3}},{"start":{},"end":{}}],"line":7},"2":{"loc":{"start":{"line":10,"column":2},"end":{"line":12,"column":3}},"type":"if","locations":[{"start":{"line":10,"column":2},"end":{"line":12,"column":3}},{"start":{},"end":{}}],"line":10},"3":{"loc":{"start":{"line":18,"column":4},"end":{"line":31,"column":5}},"type":"switch","locations":[{"start":{"line":19,"column":6},"end":{"line":20,"column":96}},{"start":{"line":21,"column":6},"end":{"line":22,"column":61}},{"start":{"line":23,"column":6},"end":{"line":24,"column":58}},{"start":{"line":25,"column":6},"end":{"line":26,"column":122}},{"start":{"line":27,"column":6},"end":{"line":28,"column":20}},{"start":{"line":29,"column":6},"end":{"line":30,"column":63}}],"line":18}},"s":{"0":1,"1":0,"2":0,"3":0,"4":0,"5":0,"6":0,"7":0,"8":1,"9":0,"10":0,"11":0,"12":0,"13":0,"14":0,"15":0,"16":0,"17":0,"18":1,"19":0},"f":{"0":0,"1":0,"2":0,"3":0},"b":{"0":[0,0],"1":[0,0],"2":[0,0],"3":[0,0,0,0,0,0]},"_coverageSchema":"1a1c01bbd47fc00a2c39e90264f33305004495a9","hash":"0af0556383847821ccdbf3dae89f24f577bf542b"}
,"C:\\Users\\Xav\\Desktop\\hexlet\\frontend-project-46\\src\\formatters\\stylish.js": {"path":"C:\\Users\\Xav\\Desktop\\hexlet\\frontend-project-46\\src\\formatters\\stylish.js","statementMap":{"0":{"start":{"line":3,"column":14},"end":{"line":3,"column":93}},"1":{"start":{"line":3,"column":34},"end":{"line":3,"column":92}},"2":{"start":{"line":5,"column":18},"end":{"line":11,"column":1}},"3":{"start":{"line":6,"column":2},"end":{"line":8,"column":3}},"4":{"start":{"line":7,"column":4},"end":{"line":7,"column":24}},"5":{"start":{"line":9,"column":16},"end":{"line":9,"column":129}},"6":{"start":{"line":9,"column":63},"end":{"line":9,"column":128}},"7":{"start":{"line":10,"column":2},"end":{"line":10,"column":58}},"8":{"start":{"line":13,"column":13},"end":{"line":36,"column":2}},"9":{"start":{"line":13,"column":30},"end":{"line":36,"column":2}},"10":{"start":{"line":14,"column":2},"end":{"line":35,"column":3}},"11":{"start":{"line":16,"column":6},"end":{"line":16,"column":84}},"12":{"start":{"line":19,"column":6},"end":{"line":19,"column":84}},"13":{"start":{"line":22,"column":22},"end":{"line":22,"column":93}},"14":{"start":{"line":23,"column":22},"end":{"line":23,"column":93}},"15":{"start":{"line":24,"column":6},"end":{"line":24,"column":38}},"16":{"start":{"line":27,"column":6},"end":{"line":27,"column":81}},"17":{"start":{"line":30,"column":21},"end":{"line":30,"column":62}},"18":{"start":{"line":31,"column":6},"end":{"line":31,"column":86}},"19":{"start":{"line":34,"column":6},"end":{"line":34,"column":56}},"20":{"start":{"line":38,"column":22},"end":{"line":41,"column":1}},"21":{"start":{"line":39,"column":17},"end":{"line":39,"column":30}},"22":{"start":{"line":40,"column":2},"end":{"line":40,"column":38}}},"fnMap":{"0":{"name":"(anonymous_0)","decl":{"start":{"line":3,"column":14},"end":{"line":3,"column":15}},"loc":{"start":{"line":3,"column":34},"end":{"line":3,"column":92}},"line":3},"1":{"name":"(anonymous_1)","decl":{"start":{"line":5,"column":18},"end":{"line":5,"column":19}},"loc":{"start":{"line":5,"column":35},"end":{"line":11,"column":1}},"line":5},"2":{"name":"(anonymous_2)","decl":{"start":{"line":9,"column":45},"end":{"line":9,"column":46}},"loc":{"start":{"line":9,"column":63},"end":{"line":9,"column":128}},"line":9},"3":{"name":"(anonymous_3)","decl":{"start":{"line":13,"column":13},"end":{"line":13,"column":14}},"loc":{"start":{"line":13,"column":30},"end":{"line":36,"column":2}},"line":13},"4":{"name":"(anonymous_4)","decl":{"start":{"line":13,"column":43},"end":{"line":13,"column":44}},"loc":{"start":{"line":13,"column":53},"end":{"line":36,"column":1}},"line":13},"5":{"name":"(anonymous_5)","decl":{"start":{"line":38,"column":22},"end":{"line":38,"column":23}},"loc":{"start":{"line":38,"column":32},"end":{"line":41,"column":1}},"line":38}},"branchMap":{"0":{"loc":{"start":{"line":3,"column":34},"end":{"line":3,"column":92}},"type":"cond-expr","locations":[{"start":{"line":3,"column":43},"end":{"line":3,"column":64}},{"start":{"line":3,"column":67},"end":{"line":3,"column":92}}],"line":3},"1":{"loc":{"start":{"line":6,"column":2},"end":{"line":8,"column":3}},"type":"if","locations":[{"start":{"line":6,"column":2},"end":{"line":8,"column":3}},{"start":{},"end":{}}],"line":6},"2":{"loc":{"start":{"line":14,"column":2},"end":{"line":35,"column":3}},"type":"switch","locations":[{"start":{"line":15,"column":4},"end":{"line":17,"column":5}},{"start":{"line":18,"column":4},"end":{"line":20,"column":5}},{"start":{"line":21,"column":4},"end":{"line":25,"column":5}},{"start":{"line":26,"column":4},"end":{"line":28,"column":5}},{"start":{"line":29,"column":4},"end":{"line":32,"column":5}},{"start":{"line":33,"column":4},"end":{"line":34,"column":56}}],"line":14}},"s":{"0":1,"1":42,"2":1,"3":27,"4":20,"5":7,"6":9,"7":7,"8":1,"9":5,"10":18,"11":2,"12":5,"13":4,"14":4,"15":4,"16":3,"17":4,"18":4,"19":0,"20":1,"21":1,"22":1},"f":{"0":42,"1":27,"2":9,"3":5,"4":18,"5":1},"b":{"0":[27,15],"1":[20,7],"2":[2,5,4,3,4,0]},"_coverageSchema":"1a1c01bbd47fc00a2c39e90264f33305004495a9","hash":"18d0393f785ace2e2cd9f5b8bd42bee3ec68c364"}
}
