TN:
SF:src\getTree.js
FN:3,(anonymous_0)
FN:6,(anonymous_1)
FNF:2
FNH:2
FNDA:5,(anonymous_0)
FNDA:18,(anonymous_1)
DA:3,1
DA:4,5
DA:6,5
DA:7,18
DA:8,2
DA:14,16
DA:15,5
DA:21,11
DA:22,4
DA:28,7
DA:29,4
DA:36,3
LF:12
LH:12
BRDA:7,0,0,2
BRDA:7,0,1,16
BRDA:14,1,0,5
BRDA:14,1,1,11
BRDA:21,2,0,4
BRDA:21,2,1,7
BRDA:21,3,0,11
BRDA:21,3,1,5
BRDA:28,4,0,4
BRDA:28,4,1,3
BRF:10
BRH:10
end_of_record
TN:
SF:src\index.js
FN:8,(anonymous_0)
FN:10,(anonymous_1)
FN:11,(anonymous_2)
FN:13,(anonymous_3)
FNF:4
FNH:4
FNDA:2,(anonymous_0)
FNDA:2,(anonymous_1)
FNDA:2,(anonymous_2)
FNDA:1,(anonymous_3)
DA:8,2
DA:10,2
DA:11,2
DA:13,1
DA:14,1
DA:15,1
DA:17,1
DA:18,1
DA:20,1
DA:21,1
DA:23,1
DA:28,1
LF:12
LH:12
BRDA:13,0,0,1
BRF:1
BRH:1
end_of_record
TN:
SF:src\parsers.js
FN:3,(anonymous_0)
FNF:1
FNH:1
FNDA:2,(anonymous_0)
DA:4,2
DA:9,2
DA:10,2
DA:11,0
DA:13,2
LF:5
LH:4
BRDA:10,0,0,0
BRDA:10,0,1,2
BRF:2
BRH:1
end_of_record
TN:
SF:src\formatters\index.js
FN:4,(anonymous_0)
FNF:1
FNH:1
FNDA:1,(anonymous_0)
DA:4,1
DA:5,1
DA:10,1
DA:11,1
DA:12,0
DA:14,1
LF:6
LH:5
BRDA:11,0,0,0
BRDA:11,0,1,1
BRF:2
BRH:1
end_of_record
TN:
SF:src\formatters\plain.js
FN:3,(anonymous_0)
FN:16,(anonymous_1)
FN:17,(anonymous_2)
FN:36,(anonymous_3)
FNF:4
FNH:0
FNDA:0,(anonymous_0)
FNDA:0,(anonymous_1)
FNDA:0,(anonymous_2)
FNDA:0,(anonymous_3)
DA:3,1
DA:4,0
DA:5,0
DA:7,0
DA:8,0
DA:10,0
DA:11,0
DA:13,0
DA:16,1
DA:17,0
DA:18,0
DA:20,0
DA:22,0
DA:24,0
DA:26,0
DA:28,0
DA:30,0
DA:33,0
DA:36,1
LF:19
LH:3
BRDA:4,0,0,0
BRDA:4,0,1,0
BRDA:7,1,0,0
BRDA:7,1,1,0
BRDA:10,2,0,0
BRDA:10,2,1,0
BRDA:18,3,0,0
BRDA:18,3,1,0
BRDA:18,3,2,0
BRDA:18,3,3,0
BRDA:18,3,4,0
BRDA:18,3,5,0
BRF:12
BRH:0
end_of_record
TN:
SF:src\formatters\stylish.js
FN:3,(anonymous_0)
FN:5,(anonymous_1)
FN:9,(anonymous_2)
FN:13,(anonymous_3)
FN:13,(anonymous_4)
FN:38,(anonymous_5)
FNF:6
FNH:6
FNDA:42,(anonymous_0)
FNDA:27,(anonymous_1)
FNDA:9,(anonymous_2)
FNDA:5,(anonymous_3)
FNDA:18,(anonymous_4)
FNDA:1,(anonymous_5)
DA:3,42
DA:5,1
DA:6,27
DA:7,20
DA:9,9
DA:10,7
DA:13,5
DA:14,18
DA:16,2
DA:19,5
DA:22,4
DA:23,4
DA:24,4
DA:27,3
DA:30,4
DA:31,4
DA:34,0
DA:38,1
DA:39,1
DA:40,1
LF:20
LH:19
BRDA:3,0,0,27
BRDA:3,0,1,15
BRDA:6,1,0,20
BRDA:6,1,1,7
BRDA:14,2,0,2
BRDA:14,2,1,5
BRDA:14,2,2,4
BRDA:14,2,3,3
BRDA:14,2,4,4
BRDA:14,2,5,0
BRF:10
BRH:9
end_of_record
